<?xml version="1.0" encoding="UTF-8"?>
<testng-results ignored="0" total="2" passed="2" failed="0" skipped="0">
  <reporter-output>
  </reporter-output>
  <suite started-at="2020-11-16T01:18:50 IST" name="Suite" finished-at="2020-11-16T01:19:38 IST" duration-ms="48412">
    <groups>
    </groups>
    <test started-at="2020-11-16T01:18:50 IST" name="Test" finished-at="2020-11-16T01:19:38 IST" duration-ms="48412">
      <class name="automationFramework.Test01">
        <test-method is-config="true" signature="launch()[pri:0, instance:automationFramework.Test01@2e4b8173]" started-at="2020-11-16T01:18:50 IST" name="launch" finished-at="2020-11-16T01:19:10 IST" duration-ms="20158" status="PASS">
          <reporter-output>
          </reporter-output>
        </test-method> <!-- launch -->
        <test-method signature="searchq()[pri:0, instance:automationFramework.Test01@2e4b8173]" started-at="2020-11-16T01:19:10 IST" name="searchq" finished-at="2020-11-16T01:19:32 IST" duration-ms="21597" status="PASS">
          <reporter-output>
          </reporter-output>
        </test-method> <!-- searchq -->
        <test-method signature="build_api()[pri:0, instance:automationFramework.Test01@2e4b8173]" started-at="2020-11-16T01:19:32 IST" name="build_api" finished-at="2020-11-16T01:19:36 IST" depends-on-methods="automationFramework.Test01.searchq" duration-ms="4859" status="PASS">
          <reporter-output>
          </reporter-output>
        </test-method> <!-- build_api -->
        <test-method is-config="true" signature="endTest()[pri:0, instance:automationFramework.Test01@2e4b8173]" started-at="2020-11-16T01:19:36 IST" name="endTest" finished-at="2020-11-16T01:19:38 IST" duration-ms="1676" status="PASS">
          <reporter-output>
          </reporter-output>
        </test-method> <!-- endTest -->
      </class> <!-- automationFramework.Test01 -->
    </test> <!-- Test -->
  </suite> <!-- Suite -->
</testng-results>
